2025-05-04 19:59:16,470 - WARNING - Authentication failure - IP: 127.0.0.1 - Endpoint: ticket.get_tickets - Error: No authorization header
2025-05-04 20:42:40,504 - INFO - Successful authentication - User ID: 1 - Endpoint: ticket.get_tickets
2025-05-04 20:51:07,703 - INFO - Successful authentication - User ID: 1 - Endpoint: ticket.get_tickets
2025-05-04 20:52:58,736 - INFO - Successful authentication - User ID: 1 - Endpoint: ticket.get_tickets
2025-05-04 21:34:45,537 - INFO - Successful authentication - User ID: 4 - Endpoint: ticket.get_tickets
2025-05-04 23:53:40,240 - INFO - Successful authentication - User ID: 5 - Endpoint: ticket.get_tickets
2025-05-04 23:55:33,916 - INFO - Successful authentication - User ID: 5 - Endpoint: ticket.get_tickets
2025-05-04 23:57:24,510 - WARNING - Authentication failure - IP: 127.0.0.1 - Endpoint: ticket.get_tickets - Error: Auth service unavailable
2025-05-04 23:57:50,203 - INFO - Successful authentication - User ID: 5 - Endpoint: ticket.get_tickets
2025-05-04 23:59:53,050 - INFO - Successful authentication - User ID: 5 - Endpoint: ticket.get_tickets
2025-05-07 15:36:43,559 - INFO - Successful authentication - User ID: 1 - Endpoint: ticket.get_tickets
2025-05-07 15:37:02,730 - INFO - Successful authentication - User ID: 1 - Endpoint: ticket.create_ticket
2025-05-07 15:38:10,851 - INFO - Successful authentication - User ID: 1 - Endpoint: ticket.create_ticket
2025-05-07 15:38:30,590 - INFO - Successful authentication - User ID: 1 - Endpoint: ticket.get_ticket
2025-05-07 15:40:44,764 - INFO - Successful authentication - User ID: 1 - Endpoint: ticket.get_ticket
2025-05-07 15:43:33,544 - INFO - Successful authentication - User ID: 1 - Endpoint: ticket.add_message
2025-05-07 15:49:49,101 - INFO - Successful authentication - User ID: 2 - Endpoint: ticket.update_ticket_status
2025-05-07 15:49:49,101 - INFO - Support Agent Action - Agent ID: 2 - Action: ticket.update_ticket_status - Ticket ID: debug_mode_access
2025-05-07 15:51:10,844 - INFO - Successful authentication - User ID: 2 - Endpoint: ticket.search_tickets
2025-05-07 15:51:10,844 - INFO - Support Agent Action - Agent ID: 2 - Action: ticket.search_tickets - Ticket ID: debug_mode_access
2025-05-07 15:54:27,478 - INFO - Successful authentication - User ID: 1 - Endpoint: chat.chat
2025-05-07 15:54:38,387 - INFO - Successful authentication - User ID: 1 - Endpoint: feedback.create_feedback
2025-05-07 15:55:10,291 - INFO - Successful authentication - User ID: 1 - Endpoint: feedback.get_feedback
