2025-05-04 22:41:43,443 - cart-service - INFO - Starting Cart Service
2025-05-04 22:41:43,443 - cart-service - INFO - Configured database connection
2025-05-04 22:41:43,444 - cart-service - INFO - Registered error handlers
2025-05-04 22:41:43,448 - cart-service - INFO - Starting server with debug=False
2025-05-04 22:48:19,603 - cart-service - INFO - Starting Cart Service
2025-05-04 22:48:19,603 - cart-service - INFO - Configured database connection
2025-05-04 22:48:19,603 - cart-service - INFO - Registered error handlers
2025-05-04 22:48:19,607 - cart-service - INFO - Starting server with debug=False
2025-05-04 22:48:39,881 - cart-service - INFO - Successfully retrieved 0 cart items for user 5
2025-05-04 22:48:51,923 - cart-service - ERROR - Error adding item to cart: (psycopg2.errors.ForeignKeyViolation) insert or update on table "cart_item" violates foreign key constraint "cart_item_user_id_fkey"
DETAIL:  Key (user_id)=(5) is not present in table "user".

[SQL: INSERT INTO cart_item (user_id, product_id, quantity) VALUES (%(user_id)s, %(product_id)s, %(quantity)s) RETURNING cart_item.id]
[parameters: {'user_id': 5, 'product_id': 1, 'quantity': 2}]
(Background on this error at: https://sqlalche.me/e/14/gkpj)
2025-05-04 22:52:21,641 - cart-service - INFO - Starting Cart Service
2025-05-04 22:52:21,641 - cart-service - INFO - Configured database connection
2025-05-04 22:52:21,641 - cart-service - INFO - Registered error handlers
2025-05-04 22:52:21,644 - cart-service - INFO - Starting server with debug=True
2025-05-04 22:52:22,132 - cart-service - INFO - Starting Cart Service
2025-05-04 22:52:22,132 - cart-service - INFO - Configured database connection
2025-05-04 22:52:22,132 - cart-service - INFO - Registered error handlers
2025-05-04 22:52:22,135 - cart-service - INFO - Starting server with debug=True
2025-05-04 22:53:44,024 - cart-service - DEBUG - Getting all cart items for user 1
2025-05-04 22:53:44,098 - cart-service - INFO - Successfully retrieved 1 cart items for user 1
2025-05-04 23:04:20,336 - cart-service - INFO - Starting Cart Service
2025-05-04 23:04:20,336 - cart-service - INFO - Configured database connection
2025-05-04 23:04:20,336 - cart-service - INFO - Registered error handlers
2025-05-04 23:04:53,830 - cart-service - INFO - Starting Cart Service
2025-05-04 23:04:53,831 - cart-service - INFO - Configured database connection
2025-05-04 23:04:53,831 - cart-service - INFO - Registered error handlers
2025-05-04 23:04:53,834 - cart-service - INFO - Starting server with debug=False
2025-05-04 23:11:12,070 - cart-service - INFO - Starting Cart Service
2025-05-04 23:11:12,070 - cart-service - INFO - Configured database connection
2025-05-04 23:11:12,070 - cart-service - INFO - Registered error handlers
2025-05-04 23:11:12,074 - cart-service - INFO - Starting server with debug=False
2025-05-04 23:11:29,608 - cart-service - INFO - Starting Cart Service
2025-05-04 23:11:29,608 - cart-service - INFO - Configured database connection
2025-05-04 23:11:29,608 - cart-service - INFO - Registered error handlers
2025-05-04 23:11:29,611 - cart-service - INFO - Starting server with debug=False
2025-05-04 23:11:50,122 - cart-service - INFO - Successfully retrieved 0 cart items for user 5
2025-05-04 23:12:02,917 - cart-service - INFO - Successfully added item to cart: user_id=5, product_id=1
2025-05-04 23:12:11,969 - cart-service - INFO - Successfully retrieved 1 cart items for user 5
2025-05-04 23:22:25,666 - cart-service - INFO - Starting Cart Service
2025-05-04 23:22:25,666 - cart-service - INFO - Configured database connection
2025-05-04 23:22:25,666 - cart-service - INFO - Registered error handlers
2025-05-04 23:23:33,372 - cart-service - INFO - Starting Cart Service
2025-05-04 23:23:33,372 - cart-service - INFO - Configured database connection
2025-05-04 23:23:33,373 - cart-service - INFO - Registered error handlers
2025-05-04 23:24:31,673 - cart-service - INFO - Starting Cart Service
2025-05-04 23:24:31,674 - cart-service - INFO - Configured database connection
2025-05-04 23:24:31,674 - cart-service - INFO - Registered error handlers
2025-05-04 23:31:17,720 - cart-service - INFO - Starting Cart Service
2025-05-04 23:31:17,721 - cart-service - INFO - Configured database connection
2025-05-04 23:31:17,721 - cart-service - INFO - Registered error handlers
2025-05-04 23:32:05,547 - cart-service - INFO - Successfully retrieved 1 cart items for user 5
2025-05-04 23:40:32,374 - cart-service - INFO - Starting Cart Service
2025-05-04 23:40:32,374 - cart-service - INFO - Configured database connection
2025-05-04 23:40:32,374 - cart-service - INFO - Registered error handlers
2025-05-04 23:42:20,334 - cart-service - INFO - Successfully retrieved 1 cart items for user 5
2025-05-05 01:23:57,114 - cart-service - INFO - Starting Cart Service
2025-05-05 01:23:57,117 - cart-service - INFO - Configured database connection
2025-05-05 01:23:57,118 - cart-service - INFO - Registered error handlers
2025-05-05 01:23:57,489 - cart-service - INFO - Starting Cart Service
2025-05-05 01:23:57,490 - cart-service - INFO - Configured database connection
2025-05-05 01:23:57,490 - cart-service - INFO - Registered error handlers
2025-05-05 10:21:37,409 - cart-service - INFO - Starting Cart Service
2025-05-05 10:21:37,412 - cart-service - INFO - Configured database connection
2025-05-05 10:21:37,529 - cart-service - INFO - Registered error handlers
2025-05-05 10:24:23,526 - cart-service - INFO - Starting Cart Service
2025-05-05 10:24:23,527 - cart-service - INFO - Configured database connection
2025-05-05 10:24:23,573 - cart-service - INFO - Registered error handlers
2025-05-05 10:24:34,026 - cart-service - INFO - Starting Cart Service
2025-05-05 10:24:34,027 - cart-service - INFO - Configured database connection
2025-05-05 10:24:34,056 - cart-service - INFO - Registered error handlers
2025-05-05 10:25:06,894 - cart-service - INFO - Starting Cart Service
2025-05-05 10:25:06,895 - cart-service - INFO - Configured database connection
2025-05-05 10:25:06,924 - cart-service - INFO - Registered error handlers
2025-05-05 10:25:44,177 - cart-service - INFO - Starting Cart Service
2025-05-05 10:25:44,177 - cart-service - INFO - Configured database connection
2025-05-05 10:25:44,211 - cart-service - INFO - Registered error handlers
2025-05-05 10:32:36,461 - cart-service - INFO - Starting Cart Service
2025-05-05 10:32:36,461 - cart-service - INFO - Configured database connection
2025-05-05 10:32:36,493 - cart-service - INFO - Registered error handlers
2025-05-05 10:42:59,492 - cart-service - INFO - Starting Cart Service
2025-05-05 10:42:59,494 - cart-service - INFO - Configured database connection
2025-05-05 10:45:15,868 - cart-service - INFO - Starting Cart Service
2025-05-05 10:45:15,869 - cart-service - INFO - Configured database connection
2025-05-05 10:45:15,945 - cart-service - INFO - Registered error handlers
2025-05-05 10:45:46,048 - cart-service - INFO - Starting Cart Service
2025-05-05 10:45:46,050 - cart-service - INFO - Configured database connection
2025-05-05 10:45:46,092 - cart-service - INFO - Registered error handlers
2025-05-05 10:46:16,010 - cart-service - INFO - Starting Cart Service
2025-05-05 10:46:16,011 - cart-service - INFO - Configured database connection
2025-05-05 10:46:16,044 - cart-service - INFO - Registered error handlers
2025-05-05 10:46:39,775 - cart-service - INFO - Starting Cart Service
2025-05-05 10:46:39,775 - cart-service - INFO - Configured database connection
2025-05-05 10:46:39,799 - cart-service - INFO - Registered error handlers
2025-05-05 10:48:55,783 - cart-service - INFO - Starting Cart Service
2025-05-05 10:48:55,783 - cart-service - INFO - Configured database connection
2025-05-05 10:48:55,834 - cart-service - INFO - Registered error handlers
2025-05-05 10:49:27,227 - cart-service - INFO - Starting Cart Service
2025-05-05 10:49:27,228 - cart-service - INFO - Configured database connection
2025-05-05 10:49:27,256 - cart-service - INFO - Registered error handlers
2025-05-06 08:01:35,047 - cart-service - INFO - Starting Cart Service
2025-05-06 08:01:35,050 - cart-service - INFO - Configured database connection
2025-05-06 08:01:35,227 - cart-service - INFO - Registered error handlers
2025-05-06 08:03:21,253 - cart-service - INFO - Starting Cart Service
2025-05-06 08:03:21,253 - cart-service - INFO - Configured database connection
2025-05-06 08:03:21,294 - cart-service - INFO - Registered error handlers
2025-05-06 08:04:22,636 - cart-service - INFO - Starting Cart Service
2025-05-06 08:35:33,168 - cart-service - INFO - Starting Cart Service
2025-05-06 08:35:33,170 - cart-service - INFO - Configured database connection
2025-05-06 08:35:33,283 - cart-service - INFO - Registered error handlers
